<?xml version="1.0" encoding="UTF-8"?>
<!-- Generated by org.testng.reporters.JUnitReportReporter -->
<testsuite skipped="0" hostname="Nissan" name="Test.serchtest" tests="1" failures="0" timestamp="12 Jul 2017 08:15:34 GMT" time="29.081" errors="0">
  <testcase name="searchTest" time="29.081" classname="Test.serchtest"/>
</testsuite> <!-- Test.serchtest -->
