<?xml version="1.0" encoding="UTF-8"?>
<!-- Generated by org.testng.reporters.JUnitReportReporter -->
<testsuite skipped="0" hostname="Nissan" name="Test.LogINTest" tests="1" failures="0" timestamp="12 Jul 2017 07:28:00 GMT" time="29.339" errors="0">
  <testcase name="TestSignIn" time="29.339" classname="Test.LogINTest"/>
</testsuite> <!-- Test.LogINTest -->
