<?xml version="1.0" encoding="UTF-8"?>
<!-- Generated by org.testng.reporters.JUnitReportReporter -->
<testsuite skipped="0" hostname="Nissan" name="Test.GotoLogintest" tests="1" failures="0" timestamp="12 Jul 2017 08:15:34 GMT" time="8.136" errors="0">
  <testcase name="AmazonLoginPageTest" time="8.136" classname="Test.GotoLogintest"/>
</testsuite> <!-- Test.GotoLogintest -->
